#######################Start of sync at 2023-05-06 13:50:25#############
Copying file source\test_file_1.py to replica\test_file_1.py at 2023-05-06 13:50:25
Copying file source\test_file_2.pdf to replica\test_file_2.pdf at 2023-05-06 13:50:25
Copying file source\test_file_3.txt to replica\test_file_3.txt at 2023-05-06 13:50:25
Copying file source\source_inner_folder\test_file_4.py to replica\source_inner_folder\test_file_4.py at 2023-05-06 13:50:25
Copying file source\source_inner_folder\test_file_´5.txt to replica\source_inner_folder\test_file_´5.txt at 2023-05-06 13:50:25
Copying file source\source_inner_folder\test_file_´6.pdf to replica\source_inner_folder\test_file_´6.pdf at 2023-05-06 13:50:25
#######################End of sync at 2023-05-06 13:50:25#############
#######################Start of sync at 2023-05-06 13:51:05#############
#######################Start of sync at 2023-05-06 13:51:05#############
#######################End of sync at 2023-05-06 13:51:05#############
#######################End of sync at 2023-05-06 13:51:05#############
#######################Start of sync at 2023-05-06 13:51:45#############
#######################Start of sync at 2023-05-06 13:51:45#############
#######################Start of sync at 2023-05-06 13:51:45#############
#######################End of sync at 2023-05-06 13:51:46#############
#######################End of sync at 2023-05-06 13:51:46#############
#######################End of sync at 2023-05-06 13:51:46#############
#######################Start of sync at 2023-05-06 13:52:26#############
#######################Start of sync at 2023-05-06 13:52:26#############
#######################Start of sync at 2023-05-06 13:52:26#############
#######################Start of sync at 2023-05-06 13:52:26#############
#######################End of sync at 2023-05-06 13:52:26#############
#######################End of sync at 2023-05-06 13:52:26#############
#######################End of sync at 2023-05-06 13:52:26#############
#######################End of sync at 2023-05-06 13:52:26#############
#######################Start of sync at 2023-05-06 13:52:55#############
Copying file source\test_file_1.py to replica\test_file_1.py at 2023-05-06 13:52:55
Copying file source\test_file_2.pdf to replica\test_file_2.pdf at 2023-05-06 13:52:55
Copying file source\test_file_3.txt to replica\test_file_3.txt at 2023-05-06 13:52:55
Copying file source\source_inner_folder\test_file_4.py to replica\source_inner_folder\test_file_4.py at 2023-05-06 13:52:55
Copying file source\source_inner_folder\test_file_´5.txt to replica\source_inner_folder\test_file_´5.txt at 2023-05-06 13:52:55
Copying file source\source_inner_folder\test_file_´6.pdf to replica\source_inner_folder\test_file_´6.pdf at 2023-05-06 13:52:55
#######################End of sync at 2023-05-06 13:52:55#############
#######################Start of sync at 2023-05-06 13:53:10#############
Copying file source\test_file_1.py to replica\test_file_1.py at 2023-05-06 13:53:10
Copying file source\test_file_2.pdf to replica\test_file_2.pdf at 2023-05-06 13:53:10
Copying file source\test_file_3.txt to replica\test_file_3.txt at 2023-05-06 13:53:10
Copying file source\source_inner_folder\test_file_4.py to replica\source_inner_folder\test_file_4.py at 2023-05-06 13:53:11
Copying file source\source_inner_folder\test_file_´5.txt to replica\source_inner_folder\test_file_´5.txt at 2023-05-06 13:53:11
Copying file source\source_inner_folder\test_file_´6.pdf to replica\source_inner_folder\test_file_´6.pdf at 2023-05-06 13:53:11
#######################End of sync at 2023-05-06 13:53:11#############
#######################Start of sync at 2023-05-06 13:57:23#############
Copying file source\test_file_1.py to replica\test_file_1.py at 2023-05-06 13:57:23
Copying file source\test_file_2.pdf to replica\test_file_2.pdf at 2023-05-06 13:57:23
Copying file source\test_file_3.txt to replica\test_file_3.txt at 2023-05-06 13:57:23
Copying file source\source_inner_folder\test_file_4.py to replica\source_inner_folder\test_file_4.py at 2023-05-06 13:57:23
Copying file source\source_inner_folder\test_file_´5.txt to replica\source_inner_folder\test_file_´5.txt at 2023-05-06 13:57:23
Copying file source\source_inner_folder\test_file_´6.pdf to replica\source_inner_folder\test_file_´6.pdf at 2023-05-06 13:57:23
#######################End of sync at 2023-05-06 13:57:23#############
#######################Start of sync at 2023-05-06 13:58:03#############
#######################Start of sync at 2023-05-06 13:58:03#############
Copying file source\source_inner_folder\New folder\test_file_´5.txt to replica\source_inner_folder\New folder\test_file_´5.txt at 2023-05-06 13:58:03
Copying file source\source_inner_folder\New folder\test_file_´5.txt to replica\source_inner_folder\New folder\test_file_´5.txt at 2023-05-06 13:58:03
#######################End of sync at 2023-05-06 13:58:03#############
#######################End of sync at 2023-05-06 13:58:03#############
#######################Start of sync at 2023-05-06 13:58:43#############
#######################Start of sync at 2023-05-06 13:58:43#############
#######################Start of sync at 2023-05-06 13:58:43#############
#######################End of sync at 2023-05-06 13:58:43#############
#######################End of sync at 2023-05-06 13:58:43#############
#######################End of sync at 2023-05-06 13:58:43#############
#######################Start of sync at 2023-05-06 13:59:23#############
#######################Start of sync at 2023-05-06 13:59:23#############
#######################Start of sync at 2023-05-06 13:59:23#############
#######################Start of sync at 2023-05-06 13:59:23#############
#######################End of sync at 2023-05-06 13:59:23#############
#######################End of sync at 2023-05-06 13:59:23#############
#######################End of sync at 2023-05-06 13:59:23#############
#######################End of sync at 2023-05-06 13:59:23#############
#######################Start of sync at 2023-05-06 14:00:03#############
#######################Start of sync at 2023-05-06 14:00:03#############
#######################Start of sync at 2023-05-06 14:00:03#############
#######################Start of sync at 2023-05-06 14:00:03#############
#######################Start of sync at 2023-05-06 14:00:03#############
#######################End of sync at 2023-05-06 14:00:03#############
#######################End of sync at 2023-05-06 14:00:03#############
#######################End of sync at 2023-05-06 14:00:03#############
#######################End of sync at 2023-05-06 14:00:03#############
#######################End of sync at 2023-05-06 14:00:03#############
#######################Start of sync at 2023-05-06 14:00:43#############
#######################Start of sync at 2023-05-06 14:00:43#############
#######################Start of sync at 2023-05-06 14:00:43#############
#######################Start of sync at 2023-05-06 14:00:43#############
#######################Start of sync at 2023-05-06 14:00:43#############
#######################Start of sync at 2023-05-06 14:00:43#############
#######################End of sync at 2023-05-06 14:00:43#############
#######################End of sync at 2023-05-06 14:00:43#############
#######################End of sync at 2023-05-06 14:00:43#############
#######################End of sync at 2023-05-06 14:00:43#############
#######################End of sync at 2023-05-06 14:00:43#############
#######################End of sync at 2023-05-06 14:00:43#############
#######################Start of sync at 2023-05-06 14:01:23#############
#######################Start of sync at 2023-05-06 14:01:23#############
#######################Start of sync at 2023-05-06 14:01:23#############
#######################Start of sync at 2023-05-06 14:01:23#############
#######################Start of sync at 2023-05-06 14:01:23#############
#######################Start of sync at 2023-05-06 14:01:23#############
#######################Start of sync at 2023-05-06 14:01:23#############
#######################End of sync at 2023-05-06 14:01:23#############
#######################End of sync at 2023-05-06 14:01:23#############
#######################End of sync at 2023-05-06 14:01:23#############
#######################End of sync at 2023-05-06 14:01:23#############
#######################End of sync at 2023-05-06 14:01:23#############
#######################End of sync at 2023-05-06 14:01:23#############
#######################End of sync at 2023-05-06 14:01:23#############
#######################Start of sync at 2023-05-06 14:06:25#############
Copying file source\test_file_1.py to replica\test_file_1.py at 2023-05-06 14:06:25
Copying file source\test_file_2.pdf to replica\test_file_2.pdf at 2023-05-06 14:06:25
Copying file source\test_file_3.txt to replica\test_file_3.txt at 2023-05-06 14:06:25
Copying file source\source_inner_folder\test_file_4.py to replica\source_inner_folder\test_file_4.py at 2023-05-06 14:06:25
Copying file source\source_inner_folder\test_file_´5.txt to replica\source_inner_folder\test_file_´5.txt at 2023-05-06 14:06:25
Copying file source\source_inner_folder\test_file_´6.pdf to replica\source_inner_folder\test_file_´6.pdf at 2023-05-06 14:06:25
Copying file source\source_inner_folder\New folder\test_file_´5.txt to replica\source_inner_folder\New folder\test_file_´5.txt at 2023-05-06 14:06:25
#######################End of sync at 2023-05-06 14:06:25#############
#######################Start of sync at 2023-05-06 14:06:45#############
#######################Start of sync at 2023-05-06 14:06:45#############
Removing directory replica\source_inner_folder\New folder\New folder at 2023-05-06 14:06:45
Removing directory replica\source_inner_folder\New folder\New folder at 2023-05-06 14:06:45
#######################End of sync at 2023-05-06 14:06:45#############
#######################End of sync at 2023-05-06 14:06:45#############
#######################Start of sync at 2023-05-06 14:07:05#############
#######################Start of sync at 2023-05-06 14:07:05#############
#######################Start of sync at 2023-05-06 14:07:05#############
Removing file replica\source_inner_folder\New folder\test_file_´6.pdf at 2023-05-06 14:07:05
Removing file replica\source_inner_folder\New folder\test_file_´6.pdf at 2023-05-06 14:07:05
Removing file replica\source_inner_folder\New folder\test_file_´6.pdf at 2023-05-06 14:07:05
#######################End of sync at 2023-05-06 14:07:05#############
#######################End of sync at 2023-05-06 14:07:05#############
#######################End of sync at 2023-05-06 14:07:05#############
#######################Start of sync at 2023-05-06 14:07:25#############
#######################Start of sync at 2023-05-06 14:07:25#############
#######################Start of sync at 2023-05-06 14:07:25#############
#######################Start of sync at 2023-05-06 14:07:25#############
#######################End of sync at 2023-05-06 14:07:25#############
#######################End of sync at 2023-05-06 14:07:25#############
#######################End of sync at 2023-05-06 14:07:25#############
#######################End of sync at 2023-05-06 14:07:25#############
#######################Start of sync at 2023-05-06 14:07:50#############
Copying file source\test_file_1.py to replica\test_file_1.py at 2023-05-06 14:07:50
Copying file source\test_file_2.pdf to replica\test_file_2.pdf at 2023-05-06 14:07:50
Copying file source\test_file_3.txt to replica\test_file_3.txt at 2023-05-06 14:07:50
Copying file source\source_inner_folder\test_file_4.py to replica\source_inner_folder\test_file_4.py at 2023-05-06 14:07:50
Copying file source\source_inner_folder\test_file_´5.txt to replica\source_inner_folder\test_file_´5.txt at 2023-05-06 14:07:50
Copying file source\source_inner_folder\test_file_´6.pdf to replica\source_inner_folder\test_file_´6.pdf at 2023-05-06 14:07:50
Copying file source\source_inner_folder\New folder\test_file_´5.txt to replica\source_inner_folder\New folder\test_file_´5.txt at 2023-05-06 14:07:50
#######################End of sync at 2023-05-06 14:07:50#############
#######################Start of sync at 2023-05-06 14:08:10#############
#######################Start of sync at 2023-05-06 14:08:10#############
Copying file source\source_inner_folder\New folder (2)\test_file_´6.pdf to replica\source_inner_folder\New folder (2)\test_file_´6.pdf at 2023-05-06 14:08:10
Copying file source\source_inner_folder\New folder (2)\test_file_´6.pdf to replica\source_inner_folder\New folder (2)\test_file_´6.pdf at 2023-05-06 14:08:10
#######################End of sync at 2023-05-06 14:08:10#############
#######################End of sync at 2023-05-06 14:08:10#############
#######################Start of sync at 2023-05-06 14:08:30#############
#######################Start of sync at 2023-05-06 14:08:30#############
#######################Start of sync at 2023-05-06 14:08:30#############
#######################End of sync at 2023-05-06 14:08:30#############
#######################End of sync at 2023-05-06 14:08:30#############
#######################End of sync at 2023-05-06 14:08:30#############
#######################Start of sync at 2023-05-06 14:09:54#############
#######################End of sync at 2023-05-06 14:09:54#############
#######################Start of sync at 2023-05-06 14:10:10#############
Copying file source\test_file_1.py to replica\test_file_1.py at 2023-05-06 14:10:10
Copying file source\test_file_2.pdf to replica\test_file_2.pdf at 2023-05-06 14:10:10
Copying file source\test_file_3.txt to replica\test_file_3.txt at 2023-05-06 14:10:10
Copying file source\source_inner_folder\test_file_4.py to replica\source_inner_folder\test_file_4.py at 2023-05-06 14:10:10
Copying file source\source_inner_folder\test_file_´5.txt to replica\source_inner_folder\test_file_´5.txt at 2023-05-06 14:10:10
Copying file source\source_inner_folder\test_file_´6.pdf to replica\source_inner_folder\test_file_´6.pdf at 2023-05-06 14:10:10
Copying file source\source_inner_folder\New folder (2)\test_file_´6.pdf to replica\source_inner_folder\New folder (2)\test_file_´6.pdf at 2023-05-06 14:10:10
Copying file source\source_inner_folder\New folder\test_file_´5.txt to replica\source_inner_folder\New folder\test_file_´5.txt at 2023-05-06 14:10:10
#######################End of sync at 2023-05-06 14:10:10#############
#######################Start of sync at 2023-05-06 14:14:11#############
Removing directory replica\source_inner_folder\New folder (2) at 2023-05-06 14:14:11
#######################End of sync at 2023-05-06 14:14:11#############
#######################Start of sync at 2023-05-06 14:14:55#############
Removing file replica\test_file_2.pdf at 2023-05-06 14:14:55
Removing file replica\test_file_3.txt at 2023-05-06 14:14:55
Removing directory replica\source_inner_folder\New folder at 2023-05-06 14:14:55
#######################End of sync at 2023-05-06 14:14:55#############
#######################Start of sync at 2023-05-06 14:15:35#############
#######################Start of sync at 2023-05-06 14:15:35#############
#######################End of sync at 2023-05-06 14:15:35#############
#######################End of sync at 2023-05-06 14:15:35#############
#######################Start of sync at 2023-05-06 14:16:15#############
#######################Start of sync at 2023-05-06 14:16:15#############
#######################Start of sync at 2023-05-06 14:16:15#############
#######################End of sync at 2023-05-06 14:16:15#############
#######################End of sync at 2023-05-06 14:16:15#############
#######################End of sync at 2023-05-06 14:16:15#############
#######################Start of sync at 2023-05-06 14:16:25#############
#######################End of sync at 2023-05-06 14:16:25#############
#######################Start of sync at 2023-05-06 14:16:45#############
#######################Start of sync at 2023-05-06 14:16:45#############
#######################End of sync at 2023-05-06 14:16:45#############
#######################End of sync at 2023-05-06 14:16:45#############
#######################Start of sync at 2023-05-06 14:17:05#############
#######################Start of sync at 2023-05-06 14:17:05#############
#######################Start of sync at 2023-05-06 14:17:05#############
#######################End of sync at 2023-05-06 14:17:05#############
#######################End of sync at 2023-05-06 14:17:05#############
#######################End of sync at 2023-05-06 14:17:05#############
#######################Start of sync at 2023-05-06 14:17:25#############
#######################Start of sync at 2023-05-06 14:17:25#############
#######################Start of sync at 2023-05-06 14:17:25#############
#######################Start of sync at 2023-05-06 14:17:25#############
#######################End of sync at 2023-05-06 14:17:25#############
#######################End of sync at 2023-05-06 14:17:25#############
#######################End of sync at 2023-05-06 14:17:25#############
#######################End of sync at 2023-05-06 14:17:25#############
#######################Start of sync at 2023-05-06 14:17:45#############
#######################Start of sync at 2023-05-06 14:17:45#############
#######################Start of sync at 2023-05-06 14:17:45#############
#######################Start of sync at 2023-05-06 14:17:45#############
#######################Start of sync at 2023-05-06 14:17:45#############
#######################End of sync at 2023-05-06 14:17:45#############
#######################End of sync at 2023-05-06 14:17:45#############
#######################End of sync at 2023-05-06 14:17:45#############
#######################End of sync at 2023-05-06 14:17:45#############
#######################End of sync at 2023-05-06 14:17:45#############
#######################Start of sync at 2023-05-06 14:18:14#############
#######################End of sync at 2023-05-06 14:18:14#############
#######################Start of sync at 2023-05-06 14:18:34#############
#######################Start of sync at 2023-05-06 14:18:34#############
#######################End of sync at 2023-05-06 14:18:34#############
#######################End of sync at 2023-05-06 14:18:34#############
#######################Start of sync at 2023-05-06 14:18:53#############
#######################End of sync at 2023-05-06 14:18:53#############
#######################Start of sync at 2023-05-06 14:18:58#############
#######################Start of sync at 2023-05-06 14:18:58#############
#######################End of sync at 2023-05-06 14:18:58#############
#######################End of sync at 2023-05-06 14:18:58#############
#######################Start of sync at 2023-05-06 14:19:03#############
#######################Start of sync at 2023-05-06 14:19:03#############
#######################Start of sync at 2023-05-06 14:19:03#############
#######################End of sync at 2023-05-06 14:19:03#############
#######################End of sync at 2023-05-06 14:19:03#############
#######################End of sync at 2023-05-06 14:19:03#############
#######################Start of sync at 2023-05-06 14:19:08#############
#######################Start of sync at 2023-05-06 14:19:08#############
#######################Start of sync at 2023-05-06 14:19:08#############
#######################Start of sync at 2023-05-06 14:19:08#############
#######################End of sync at 2023-05-06 14:19:08#############
#######################End of sync at 2023-05-06 14:19:08#############
#######################End of sync at 2023-05-06 14:19:08#############
#######################End of sync at 2023-05-06 14:19:08#############
#######################Start of sync at 2023-05-06 14:19:13#############
#######################Start of sync at 2023-05-06 14:19:13#############
#######################Start of sync at 2023-05-06 14:19:13#############
#######################Start of sync at 2023-05-06 14:19:13#############
#######################Start of sync at 2023-05-06 14:19:13#############
#######################End of sync at 2023-05-06 14:19:13#############
#######################End of sync at 2023-05-06 14:19:13#############
#######################End of sync at 2023-05-06 14:19:13#############
#######################End of sync at 2023-05-06 14:19:13#############
#######################End of sync at 2023-05-06 14:19:13#############
#######################Start of sync at 2023-05-06 14:19:18#############
#######################Start of sync at 2023-05-06 14:19:18#############
#######################Start of sync at 2023-05-06 14:19:18#############
#######################Start of sync at 2023-05-06 14:19:18#############
#######################Start of sync at 2023-05-06 14:19:18#############
#######################Start of sync at 2023-05-06 14:19:18#############
#######################End of sync at 2023-05-06 14:19:19#############
#######################End of sync at 2023-05-06 14:19:19#############
#######################End of sync at 2023-05-06 14:19:19#############
#######################End of sync at 2023-05-06 14:19:19#############
#######################End of sync at 2023-05-06 14:19:19#############
#######################End of sync at 2023-05-06 14:19:19#############
#######################Start of sync at 2023-05-06 14:21:56#############
#######################End of sync at 2023-05-06 14:21:56#############
#######################Start of sync at 2023-05-06 14:22:01#############
#######################End of sync at 2023-05-06 14:22:01#############
#######################Start of sync at 2023-05-06 14:22:06#############
#######################End of sync at 2023-05-06 14:22:06#############
#######################Start of sync at 2023-05-06 14:22:11#############
#######################End of sync at 2023-05-06 14:22:11#############
